   1               		.file	"gd_driver.c"
   2               		.arch atmega32
   3               	__SREG__ = 0x3f
   4               	__SP_H__ = 0x3e
   5               	__SP_L__ = 0x3d
   6               	__tmp_reg__ = 0
   7               	__zero_reg__ = 1
   8               		.global __do_copy_data
   9               		.global __do_clear_bss
  17               	.Ltext0:
  18               	.global	gd_init
  20               	gd_init:
  21               	.LFB4:
  22               	.LM1:
  23               	/* prologue: frame size=0 */
  24               	/* prologue end (size=0) */
  25               	.LM2:
  26 0000 80E0      		ldi r24,lo8(dd)
  27 0002 90E0      		ldi r25,hi8(dd)
  28 0004 0E94 0000 		call gd_hw_init
  29               	/* epilogue: frame size=0 */
  30 0008 0895      		ret
  31               	/* epilogue end (size=1) */
  32               	/* function gd_init size 5 (4) */
  33               	.LFE4:
  35               		.lcomm dd,9
  36               	.Letext0:
DEFINED SYMBOLS
                            *ABS*:00000000 gd_driver.c
C:\DOKUME~1\peter\LOKALE~1\Temp/cc86aaaa.s:3      *ABS*:0000003f __SREG__
C:\DOKUME~1\peter\LOKALE~1\Temp/cc86aaaa.s:4      *ABS*:0000003e __SP_H__
C:\DOKUME~1\peter\LOKALE~1\Temp/cc86aaaa.s:5      *ABS*:0000003d __SP_L__
C:\DOKUME~1\peter\LOKALE~1\Temp/cc86aaaa.s:6      *ABS*:00000000 __tmp_reg__
C:\DOKUME~1\peter\LOKALE~1\Temp/cc86aaaa.s:7      *ABS*:00000001 __zero_reg__
C:\DOKUME~1\peter\LOKALE~1\Temp/cc86aaaa.s:20     .text:00000000 gd_init
                             .bss:00000000 dd

UNDEFINED SYMBOLS
__do_copy_data
__do_clear_bss
gd_hw_init
