   1               		.file	"keyboard.c"
   2               		.arch atmega32
   3               	__SREG__ = 0x3f
   4               	__SP_H__ = 0x3e
   5               	__SP_L__ = 0x3d
   6               	__tmp_reg__ = 0
   7               	__zero_reg__ = 1
   8               		.global __do_copy_data
   9               		.global __do_clear_bss
  17               	.Ltext0:
  18               	.global	get_key_press
  20               	get_key_press:
  21               	.LFB2:
  22               	.LM1:
  23               	/* prologue: frame size=0 */
  24               	/* prologue end (size=0) */
  25 0000 982F      		mov r25,r24
  26               	.LM2:
  27               	/* #APP */
  28 0002 F894      		cli
  29               	.LM3:
  30               	/* #NOAPP */
  31 0004 8091 0000 		lds r24,key_press
  32 0008 9823      		and r25,r24
  33               	.LM4:
  34 000a 8927      		eor r24,r25
  35 000c 8093 0000 		sts key_press,r24
  36               	.LM5:
  37               	/* #APP */
  38 0010 7894      		sei
  39               	.LM6:
  40               	/* #NOAPP */
  41 0012 892F      		mov r24,r25
  42 0014 9927      		clr r25
  43               	/* epilogue: frame size=0 */
  44 0016 0895      		ret
  45               	/* epilogue end (size=1) */
  46               	/* function get_key_press size 14 (13) */
  47               	.LFE2:
  49               	.global	get_key_rpt
  51               	get_key_rpt:
  52               	.LFB3:
  53               	.LM7:
  54               	/* prologue: frame size=0 */
  55               	/* prologue end (size=0) */
  56 0018 982F      		mov r25,r24
  57               	.LM8:
  58               	/* #APP */
  59 001a F894      		cli
  60               	.LM9:
  61               	/* #NOAPP */
  62 001c 8091 0000 		lds r24,key_rpt
  63 0020 9823      		and r25,r24
  64               	.LM10:
  65 0022 8927      		eor r24,r25
  66 0024 8093 0000 		sts key_rpt,r24
  67               	.LM11:
  68               	/* #APP */
  69 0028 7894      		sei
  70               	.LM12:
  71               	/* #NOAPP */
  72 002a 892F      		mov r24,r25
  73 002c 9927      		clr r25
  74               	/* epilogue: frame size=0 */
  75 002e 0895      		ret
  76               	/* epilogue end (size=1) */
  77               	/* function get_key_rpt size 14 (13) */
  78               	.LFE3:
  80               	.global	get_key_short
  82               	get_key_short:
  83               	.LFB4:
  84               	.LM13:
  85               	/* prologue: frame size=0 */
  86               	/* prologue end (size=0) */
  87 0030 982F      		mov r25,r24
  88               	.LM14:
  89               	/* #APP */
  90 0032 F894      		cli
  91               	.LM15:
  92               	/* #NOAPP */
  93 0034 8091 0000 		lds r24,key_state
  94 0038 8095      		com r24
  95 003a 8923      		and r24,r25
  96 003c 0E94 0000 		call get_key_press
  97               	.LM16:
  98 0040 9927      		clr r25
  99               	/* epilogue: frame size=0 */
 100 0042 0895      		ret
 101               	/* epilogue end (size=1) */
 102               	/* function get_key_short size 11 (10) */
 103               	.LFE4:
 105               	.global	get_key_long
 107               	get_key_long:
 108               	.LFB5:
 109               	.LM17:
 110               	/* prologue: frame size=0 */
 111               	/* prologue end (size=0) */
 112               	.LM18:
 113 0044 0E94 0000 		call get_key_rpt
 114 0048 0E94 0000 		call get_key_press
 115               	.LM19:
 116 004c 9927      		clr r25
 117               	/* epilogue: frame size=0 */
 118 004e 0895      		ret
 119               	/* epilogue end (size=1) */
 120               	/* function get_key_long size 6 (5) */
 121               	.LFE5:
 123               	.global	keyboard_clear
 125               	keyboard_clear:
 126               	.LFB6:
 127               	.LM20:
 128               	/* prologue: frame size=0 */
 129               	/* prologue end (size=0) */
 130               	.LM21:
 131               	/* #APP */
 132 0050 F894      		cli
 133               	.LM22:
 134               	/* #NOAPP */
 135 0052 1092 0000 		sts key_press,__zero_reg__
 136               	.LM23:
 137 0056 1092 0000 		sts key_state,__zero_reg__
 138               	.LM24:
 139               	/* #APP */
 140 005a 7894      		sei
 141               	/* #NOAPP */
 142               	/* epilogue: frame size=0 */
 143 005c 0895      		ret
 144               	/* epilogue end (size=1) */
 145               	/* function keyboard_clear size 9 (8) */
 146               	.LFE6:
 148               	.global	InitKeyborad
 150               	InitKeyborad:
 151               	.LFB7:
 152               	.LM25:
 153               	/* prologue: frame size=0 */
 154               	/* prologue end (size=0) */
 155               	.LM26:
 156 005e 8F98      		cbi 49-0x20,7
 157               	.LM27:
 158 0060 979A      		sbi 50-0x20,7
 159               	.LM28:
 160 0062 8E98      		cbi 49-0x20,6
 161               	.LM29:
 162 0064 969A      		sbi 50-0x20,6
 163               	.LM30:
 164 0066 8D98      		cbi 49-0x20,5
 165               	.LM31:
 166 0068 959A      		sbi 50-0x20,5
 167               	.LM32:
 168 006a 8C98      		cbi 49-0x20,4
 169               	.LM33:
 170 006c 949A      		sbi 50-0x20,4
 171               	.LM34:
 172 006e 8B9A      		sbi 49-0x20,3
 173               	.LM35:
 174 0070 8A9A      		sbi 49-0x20,2
 175               	.LM36:
 176 0072 899A      		sbi 49-0x20,1
 177               	.LM37:
 178 0074 889A      		sbi 49-0x20,0
 179               	/* epilogue: frame size=0 */
 180 0076 0895      		ret
 181               	/* epilogue end (size=1) */
 182               	/* function InitKeyborad size 13 (12) */
 183               	.LFE7:
 185               	.global	ActivateRow
 187               	ActivateRow:
 188               	.LFB8:
 189               	.LM38:
 190               	/* prologue: frame size=0 */
 191               	/* prologue end (size=0) */
 192               	.LM39:
 193 0078 8B98      		cbi 49-0x20,3
 194               	.LM40:
 195 007a 939A      		sbi 50-0x20,3
 196               	.LM41:
 197 007c 8A98      		cbi 49-0x20,2
 198               	.LM42:
 199 007e 929A      		sbi 50-0x20,2
 200               	.LM43:
 201 0080 8998      		cbi 49-0x20,1
 202               	.LM44:
 203 0082 919A      		sbi 50-0x20,1
 204               	.LM45:
 205 0084 8898      		cbi 49-0x20,0
 206               	.LM46:
 207 0086 909A      		sbi 50-0x20,0
 208               	.LM47:
 209 0088 9927      		clr r25
 210 008a 8130      		cpi r24,1
 211 008c 9105      		cpc r25,__zero_reg__
 212 008e 79F0      		breq .L10
 213               	.LM48:
 214 0090 8230      		cpi r24,2
 215 0092 9105      		cpc r25,__zero_reg__
 216 0094 1CF4      		brge .L13
 217 0096 892B      		or r24,r25
 218 0098 39F0      		breq .L9
 219 009a 0895      		ret
 220               	.L13:
 221 009c 8230      		cpi r24,2
 222 009e 9105      		cpc r25,__zero_reg__
 223 00a0 49F0      		breq .L11
 224 00a2 0397      		sbiw r24,3
 225 00a4 51F0      		breq .L12
 226 00a6 0895      		ret
 227               	.L9:
 228               	.LM49:
 229 00a8 8B9A      		sbi 49-0x20,3
 230               	.LM50:
 231 00aa 9398      		cbi 50-0x20,3
 232               	.LM51:
 233 00ac 0895      		ret
 234               	.L10:
 235               	.LM52:
 236 00ae 8A9A      		sbi 49-0x20,2
 237               	.LM53:
 238 00b0 9298      		cbi 50-0x20,2
 239               	.LM54:
 240 00b2 0895      		ret
 241               	.L11:
 242               	.LM55:
 243 00b4 899A      		sbi 49-0x20,1
 244               	.LM56:
 245 00b6 9198      		cbi 50-0x20,1
 246               	.LM57:
 247 00b8 0895      		ret
 248               	.L12:
 249               	.LM58:
 250 00ba 889A      		sbi 49-0x20,0
 251               	.LM59:
 252 00bc 9098      		cbi 50-0x20,0
 253 00be 0895      		ret
 254               	/* epilogue: frame size=0 */
 255               	/* epilogue: noreturn */
 256               	/* epilogue end (size=0) */
 257               	/* function ActivateRow size 37 (37) */
 258               	.LFE8:
 260               	.global	ReadKeyboard
 262               	ReadKeyboard:
 263               	.LFB9:
 264               	.LM60:
 265               	/* prologue: frame size=0 */
 266 00c0 9F92      		push r9
 267 00c2 AF92      		push r10
 268 00c4 BF92      		push r11
 269 00c6 CF92      		push r12
 270 00c8 DF92      		push r13
 271 00ca EF92      		push r14
 272 00cc FF92      		push r15
 273 00ce 0F93      		push r16
 274 00d0 1F93      		push r17
 275 00d2 CF93      		push r28
 276 00d4 DF93      		push r29
 277               	/* prologue end (size=11) */
 278               	.LM61:
 279 00d6 C0E0      		ldi r28,lo8(0)
 280 00d8 D0E0      		ldi r29,hi8(0)
 281               	.LM62:
 282 00da 9924      		clr r9
 283 00dc 5E01      		movw r10,r28
 284 00de 6E01      		movw r12,r28
 285 00e0 7E01      		movw r14,r28
 286 00e2 8E01      		movw r16,r28
 287               	.L22:
 288               	.LM63:
 289 00e4 892D      		mov r24,r9
 290 00e6 0E94 0000 		call ActivateRow
 291               	.LM64:
 292 00ea 8799      		sbic 48-0x20,7
 293 00ec 0AC0      		rjmp .L18
 294               	.LM65:
 295 00ee 81E0      		ldi r24,lo8(1)
 296 00f0 90E0      		ldi r25,hi8(1)
 297 00f2 002E      		mov r0,r16
 298 00f4 02C0      		rjmp 2f
 299 00f6 880F      	1:	lsl r24
 300 00f8 991F      		rol r25
 301 00fa 0A94      	2:	dec r0
 302 00fc E2F7      		brpl 1b
 303 00fe C82B      		or r28,r24
 304 0100 D92B      		or r29,r25
 305               	.L18:
 306               	.LM66:
 307 0102 8699      		sbic 48-0x20,6
 308 0104 0AC0      		rjmp .L19
 309               	.LM67:
 310 0106 82E0      		ldi r24,lo8(2)
 311 0108 90E0      		ldi r25,hi8(2)
 312 010a 0E2C      		mov r0,r14
 313 010c 02C0      		rjmp 2f
 314 010e 880F      	1:	lsl r24
 315 0110 991F      		rol r25
 316 0112 0A94      	2:	dec r0
 317 0114 E2F7      		brpl 1b
 318 0116 C82B      		or r28,r24
 319 0118 D92B      		or r29,r25
 320               	.L19:
 321               	.LM68:
 322 011a 8599      		sbic 48-0x20,5
 323 011c 0AC0      		rjmp .L20
 324               	.LM69:
 325 011e 84E0      		ldi r24,lo8(4)
 326 0120 90E0      		ldi r25,hi8(4)
 327 0122 0C2C      		mov r0,r12
 328 0124 02C0      		rjmp 2f
 329 0126 880F      	1:	lsl r24
 330 0128 991F      		rol r25
 331 012a 0A94      	2:	dec r0
 332 012c E2F7      		brpl 1b
 333 012e C82B      		or r28,r24
 334 0130 D92B      		or r29,r25
 335               	.L20:
 336               	.LM70:
 337 0132 8499      		sbic 48-0x20,4
 338 0134 0AC0      		rjmp .L17
 339               	.LM71:
 340 0136 88E0      		ldi r24,lo8(8)
 341 0138 90E0      		ldi r25,hi8(8)
 342 013a 0A2C      		mov r0,r10
 343 013c 02C0      		rjmp 2f
 344 013e 880F      	1:	lsl r24
 345 0140 991F      		rol r25
 346 0142 0A94      	2:	dec r0
 347 0144 E2F7      		brpl 1b
 348 0146 C82B      		or r28,r24
 349 0148 D92B      		or r29,r25
 350               	.L17:
 351               	.LM72:
 352 014a 9394      		inc r9
 353 014c 0C5F      		subi r16,lo8(-(4))
 354 014e 1F4F      		sbci r17,hi8(-(4))
 355 0150 84E0      		ldi r24,lo8(4)
 356 0152 90E0      		ldi r25,hi8(4)
 357 0154 E80E      		add r14,r24
 358 0156 F91E      		adc r15,r25
 359 0158 C80E      		add r12,r24
 360 015a D91E      		adc r13,r25
 361 015c A80E      		add r10,r24
 362 015e B91E      		adc r11,r25
 363 0160 93E0      		ldi r25,lo8(3)
 364 0162 9915      		cp r25,r9
 365 0164 08F0      		brlo .+2
 366 0166 BECF      		rjmp .L22
 367               	.LM73:
 368 0168 CE01      		movw r24,r28
 369               	/* epilogue: frame size=0 */
 370 016a DF91      		pop r29
 371 016c CF91      		pop r28
 372 016e 1F91      		pop r17
 373 0170 0F91      		pop r16
 374 0172 FF90      		pop r15
 375 0174 EF90      		pop r14
 376 0176 DF90      		pop r13
 377 0178 CF90      		pop r12
 378 017a BF90      		pop r11
 379 017c AF90      		pop r10
 380 017e 9F90      		pop r9
 381 0180 0895      		ret
 382               	/* epilogue end (size=12) */
 383               	/* function ReadKeyboard size 97 (74) */
 384               	.LFE9:
 386               	.global	InitFunctionKeys
 388               	InitFunctionKeys:
 389               	.LFB10:
 390               	.LM74:
 391               	/* prologue: frame size=0 */
 392               	/* prologue end (size=0) */
 393               	.LM75:
 394 0182 17BA      		out 55-0x20,__zero_reg__
 395               	.LM76:
 396 0184 8FEF      		ldi r24,lo8(-1)
 397 0186 88BB      		out 56-0x20,r24
 398               	/* epilogue: frame size=0 */
 399 0188 0895      		ret
 400               	/* epilogue end (size=1) */
 401               	/* function InitFunctionKeys size 4 (3) */
 402               	.LFE10:
 404               		.comm key_state,1,1
 405               		.comm key_press,1,1
 406               		.comm key_rpt,1,1
 407               	.Letext0:
DEFINED SYMBOLS
                            *ABS*:00000000 keyboard.c
C:\DOKUME~1\peter\LOKALE~1\Temp/ccW0aaaa.s:3      *ABS*:0000003f __SREG__
C:\DOKUME~1\peter\LOKALE~1\Temp/ccW0aaaa.s:4      *ABS*:0000003e __SP_H__
C:\DOKUME~1\peter\LOKALE~1\Temp/ccW0aaaa.s:5      *ABS*:0000003d __SP_L__
C:\DOKUME~1\peter\LOKALE~1\Temp/ccW0aaaa.s:6      *ABS*:00000000 __tmp_reg__
C:\DOKUME~1\peter\LOKALE~1\Temp/ccW0aaaa.s:7      *ABS*:00000001 __zero_reg__
C:\DOKUME~1\peter\LOKALE~1\Temp/ccW0aaaa.s:20     .text:00000000 get_key_press
                            *COM*:00000001 key_press
C:\DOKUME~1\peter\LOKALE~1\Temp/ccW0aaaa.s:51     .text:00000018 get_key_rpt
                            *COM*:00000001 key_rpt
C:\DOKUME~1\peter\LOKALE~1\Temp/ccW0aaaa.s:82     .text:00000030 get_key_short
                            *COM*:00000001 key_state
C:\DOKUME~1\peter\LOKALE~1\Temp/ccW0aaaa.s:107    .text:00000044 get_key_long
C:\DOKUME~1\peter\LOKALE~1\Temp/ccW0aaaa.s:125    .text:00000050 keyboard_clear
C:\DOKUME~1\peter\LOKALE~1\Temp/ccW0aaaa.s:150    .text:0000005e InitKeyborad
C:\DOKUME~1\peter\LOKALE~1\Temp/ccW0aaaa.s:187    .text:00000078 ActivateRow
C:\DOKUME~1\peter\LOKALE~1\Temp/ccW0aaaa.s:262    .text:000000c0 ReadKeyboard
C:\DOKUME~1\peter\LOKALE~1\Temp/ccW0aaaa.s:388    .text:00000182 InitFunctionKeys

UNDEFINED SYMBOLS
__do_copy_data
__do_clear_bss
