   1               		.file	"uart.c"
   2               		.arch atmega32
   3               	__SREG__ = 0x3f
   4               	__SP_H__ = 0x3e
   5               	__SP_L__ = 0x3d
   6               	__tmp_reg__ = 0
   7               	__zero_reg__ = 1
   8               		.global __do_copy_data
   9               		.global __do_clear_bss
  17               	.Ltext0:
  18               	.global	uart_data_ready
  20               	uart_data_ready:
  21               	.LFB3:
  22               	.LM1:
  23               	/* prologue: frame size=0 */
  24               	/* prologue end (size=0) */
  25               	.LM2:
  26 0000 20E0      		ldi r18,lo8(0)
  27 0002 30E0      		ldi r19,hi8(0)
  28 0004 9091 0000 		lds r25,USART_RxHead
  29 0008 8091 0000 		lds r24,USART_RxTail
  30 000c 9817      		cp r25,r24
  31 000e 11F0      		breq .L2
  32               	.LM3:
  33 0010 21E0      		ldi r18,lo8(1)
  34 0012 30E0      		ldi r19,hi8(1)
  35               	.L2:
  36               	.LM4:
  37 0014 C901      		movw r24,r18
  38               	/* epilogue: frame size=0 */
  39 0016 0895      		ret
  40               	/* epilogue end (size=1) */
  41               	/* function uart_data_ready size 12 (11) */
  42               	.LFE3:
  44               	.global	uart_clear_receive_buffer
  46               	uart_clear_receive_buffer:
  47               	.LFB4:
  48               	.LM5:
  49               	/* prologue: frame size=0 */
  50               	/* prologue end (size=0) */
  51               	.LM6:
  52 0018 80E0      		ldi r24,lo8(0)
  53               	.LM7:
  54 001a 8093 0000 		sts USART_RxTail,r24
  55               	.LM8:
  56 001e 8093 0000 		sts USART_RxHead,r24
  57               	/* epilogue: frame size=0 */
  58 0022 0895      		ret
  59               	/* epilogue end (size=1) */
  60               	/* function uart_clear_receive_buffer size 6 (5) */
  61               	.LFE4:
  63               	.global	uart_getc
  65               	uart_getc:
  66               	.LFB5:
  67               	.LM9:
  68               	/* prologue: frame size=0 */
  69               	/* prologue end (size=0) */
  70               	.L5:
  71               	.LM10:
  72 0024 9091 0000 		lds r25,USART_RxHead
  73 0028 8091 0000 		lds r24,USART_RxTail
  74 002c 9817      		cp r25,r24
  75 002e D1F3      		breq .L5
  76               	.LM11:
  77 0030 8091 0000 		lds r24,USART_RxTail
  78 0034 8F5F      		subi r24,lo8(-(1))
  79 0036 8F71      		andi r24,lo8(31)
  80               	.LM12:
  81 0038 8093 0000 		sts USART_RxTail,r24
  82               	.LM13:
  83 003c E82F      		mov r30,r24
  84 003e FF27      		clr r31
  85 0040 E050      		subi r30,lo8(-(USART_RxBuf))
  86 0042 F040      		sbci r31,hi8(-(USART_RxBuf))
  87 0044 8081      		ld r24,Z
  88               	.LM14:
  89 0046 9927      		clr r25
  90               	/* epilogue: frame size=0 */
  91 0048 0895      		ret
  92               	/* epilogue end (size=1) */
  93               	/* function uart_getc size 19 (18) */
  94               	.LFE5:
  96               	.global	uart_get_lastc
  98               	uart_get_lastc:
  99               	.LFB6:
 100               	.LM15:
 101               	/* prologue: frame size=0 */
 102               	/* prologue end (size=0) */
 103               	.LM16:
 104 004a 9091 0000 		lds r25,USART_RxHead
 105 004e 8091 0000 		lds r24,USART_RxTail
 106 0052 9817      		cp r25,r24
 107 0054 19F4      		brne .L9
 108               	.LM17:
 109 0056 80E0      		ldi r24,lo8(0)
 110 0058 90E0      		ldi r25,hi8(0)
 111 005a 0895      		ret
 112               	.L9:
 113               	.LM18:
 114 005c 8091 0000 		lds r24,USART_RxHead
 115 0060 E82F      		mov r30,r24
 116 0062 FF27      		clr r31
 117 0064 E050      		subi r30,lo8(-(USART_RxBuf))
 118 0066 F040      		sbci r31,hi8(-(USART_RxBuf))
 119 0068 8081      		ld r24,Z
 120 006a 9927      		clr r25
 121               	.LM19:
 122 006c 0895      		ret
 123               	/* epilogue: frame size=0 */
 124               	/* epilogue: noreturn */
 125               	/* epilogue end (size=0) */
 126               	/* function uart_get_lastc size 18 (18) */
 127               	.LFE6:
 129               	.global	uart_get
 131               	uart_get:
 132               	.LFB7:
 133               	.LM20:
 134               	/* prologue: frame size=0 */
 135 006e 0F93      		push r16
 136 0070 1F93      		push r17
 137 0072 CF93      		push r28
 138               	/* prologue end (size=3) */
 139 0074 8C01      		movw r16,r24
 140 0076 C62F      		mov r28,r22
 141               	.LM21:
 142 0078 6623      		tst r22
 143 007a 39F0      		breq .L16
 144               	.L14:
 145               	.LM22:
 146 007c 0E94 0000 		call uart_getc
 147 0080 F801      		movw r30,r16
 148 0082 8193      		st Z+,r24
 149 0084 8F01      		movw r16,r30
 150               	.LM23:
 151 0086 C150      		subi r28,lo8(-(-1))
 152 0088 C9F7      		brne .L14
 153               	.L16:
 154               	/* epilogue: frame size=0 */
 155 008a CF91      		pop r28
 156 008c 1F91      		pop r17
 157 008e 0F91      		pop r16
 158 0090 0895      		ret
 159               	/* epilogue end (size=4) */
 160               	/* function uart_get size 19 (12) */
 161               	.LFE7:
 163               	.global	uart_getc_wait
 165               	uart_getc_wait:
 166               	.LFB8:
 167               	.LM24:
 168               	/* prologue: frame size=0 */
 169               	/* prologue end (size=0) */
 170               	.L18:
 171               	.LM25:
 172 0092 0E94 0000 		call uart_data_ready
 173 0096 8823      		tst r24
 174 0098 E1F3      		breq .L18
 175               	.LM26:
 176 009a 0E94 0000 		call uart_getc
 177               	.LM27:
 178 009e 9927      		clr r25
 179               	/* epilogue: frame size=0 */
 180 00a0 0895      		ret
 181               	/* epilogue end (size=1) */
 182               	/* function uart_getc_wait size 8 (7) */
 183               	.LFE8:
 185               	.global	uart_putc
 187               	uart_putc:
 188               	.LFB9:
 189               	.LM28:
 190               	/* prologue: frame size=0 */
 191               	/* prologue end (size=0) */
 192               	.L22:
 193               	.LM29:
 194 00a2 5D9B      		sbis 43-0x20,5
 195 00a4 FECF      		rjmp .L22
 196               	.LM30:
 197 00a6 8CB9      		out 44-0x20,r24
 198               	.LM31:
 199 00a8 80E0      		ldi r24,lo8(0)
 200 00aa 90E0      		ldi r25,hi8(0)
 201               	/* epilogue: frame size=0 */
 202 00ac 0895      		ret
 203               	/* epilogue end (size=1) */
 204               	/* function uart_putc size 6 (5) */
 205               	.LFE9:
 207               	.global	uart_put
 209               	uart_put:
 210               	.LFB10:
 211               	.LM32:
 212               	/* prologue: frame size=0 */
 213 00ae CF93      		push r28
 214 00b0 DF93      		push r29
 215               	/* prologue end (size=2) */
 216 00b2 EC01      		movw r28,r24
 217               	.LM33:
 218 00b4 8881      		ld r24,Y
 219 00b6 8823      		tst r24
 220 00b8 41F0      		breq .L30
 221               	.L28:
 222               	.LM34:
 223 00ba 60E0      		ldi r22,lo8(0)
 224 00bc 70E0      		ldi r23,hi8(0)
 225 00be 8991      		ld r24,Y+
 226 00c0 0E94 0000 		call uart_putc
 227               	.LM35:
 228 00c4 8881      		ld r24,Y
 229 00c6 8823      		tst r24
 230 00c8 C1F7      		brne .L28
 231               	.L30:
 232               	/* epilogue: frame size=0 */
 233 00ca DF91      		pop r29
 234 00cc CF91      		pop r28
 235 00ce 0895      		ret
 236               	/* epilogue end (size=3) */
 237               	/* function uart_put size 17 (12) */
 238               	.LFE10:
 240               	.global	uart_init
 242               	uart_init:
 243               	.LFB11:
 244               	.LM36:
 245               	/* prologue: frame size=0 */
 246               	/* prologue end (size=0) */
 247               	.LM37:
 248 00d0 89B9      		out 41-0x20,r24
 249               	.LM38:
 250 00d2 539A      		sbi 42-0x20,3
 251               	.LM39:
 252 00d4 549A      		sbi 42-0x20,4
 253               	.LM40:
 254 00d6 579A      		sbi 42-0x20,7
 255               	.LM41:
 256 00d8 80E0      		ldi r24,lo8(0)
 257               	.LM42:
 258 00da 8093 0000 		sts USART_RxTail,r24
 259               	.LM43:
 260 00de 8093 0000 		sts USART_RxHead,r24
 261               	.LM44:
 262 00e2 60E0      		ldi r22,lo8(0)
 263 00e4 70E0      		ldi r23,hi8(0)
 264 00e6 80E0      		ldi r24,lo8(pm(uart_putc))
 265 00e8 90E0      		ldi r25,hi8(pm(uart_putc))
 266 00ea 0E94 0000 		call fdevopen
 267               	/* epilogue: frame size=0 */
 268 00ee 0895      		ret
 269               	/* epilogue end (size=1) */
 270               	/* function uart_init size 16 (15) */
 271               	.LFE11:
 273               	.global	__vector_13
 275               	__vector_13:
 276               	.LFB12:
 277               	.LM45:
 278               	/* prologue: frame size=0 */
 279 00f0 1F92      		push __zero_reg__
 280 00f2 0F92      		push __tmp_reg__
 281 00f4 0FB6      		in __tmp_reg__,__SREG__
 282 00f6 0F92      		push __tmp_reg__
 283 00f8 1124      		clr __zero_reg__
 284 00fa 2F93      		push r18
 285 00fc 8F93      		push r24
 286 00fe 9F93      		push r25
 287 0100 EF93      		push r30
 288 0102 FF93      		push r31
 289               	/* prologue end (size=10) */
 290               	.LM46:
 291 0104 9CB1      		in r25,44-0x20
 292               	.LM47:
 293 0106 8091 0000 		lds r24,USART_RxHead
 294 010a 8F5F      		subi r24,lo8(-(1))
 295 010c 8F71      		andi r24,lo8(31)
 296               	.LM48:
 297 010e 8093 0000 		sts USART_RxHead,r24
 298               	.LM49:
 299 0112 2091 0000 		lds r18,USART_RxTail
 300               	.LM50:
 301 0116 E0E0      		ldi r30,lo8(USART_RxBuf)
 302 0118 F0E0      		ldi r31,hi8(USART_RxBuf)
 303 011a E80F      		add r30,r24
 304 011c F11D      		adc r31,__zero_reg__
 305 011e 9083      		st Z,r25
 306               	/* epilogue: frame size=0 */
 307 0120 FF91      		pop r31
 308 0122 EF91      		pop r30
 309 0124 9F91      		pop r25
 310 0126 8F91      		pop r24
 311 0128 2F91      		pop r18
 312 012a 0F90      		pop __tmp_reg__
 313 012c 0FBE      		out __SREG__,__tmp_reg__
 314 012e 0F90      		pop __tmp_reg__
 315 0130 1F90      		pop __zero_reg__
 316 0132 1895      		reti
 317               	/* epilogue end (size=10) */
 318               	/* function __vector_13 size 34 (14) */
 319               	.LFE12:
 321               		.lcomm USART_RxBuf,32
 322               		.lcomm USART_RxHead,1
 323               		.lcomm USART_RxTail,1
 324               	.Letext0:
DEFINED SYMBOLS
                            *ABS*:00000000 uart.c
C:\DOKUME~1\peter\LOKALE~1\Temp/ccgPaaaa.s:3      *ABS*:0000003f __SREG__
C:\DOKUME~1\peter\LOKALE~1\Temp/ccgPaaaa.s:4      *ABS*:0000003e __SP_H__
C:\DOKUME~1\peter\LOKALE~1\Temp/ccgPaaaa.s:5      *ABS*:0000003d __SP_L__
C:\DOKUME~1\peter\LOKALE~1\Temp/ccgPaaaa.s:6      *ABS*:00000000 __tmp_reg__
C:\DOKUME~1\peter\LOKALE~1\Temp/ccgPaaaa.s:7      *ABS*:00000001 __zero_reg__
C:\DOKUME~1\peter\LOKALE~1\Temp/ccgPaaaa.s:20     .text:00000000 uart_data_ready
C:\DOKUME~1\peter\LOKALE~1\Temp/ccgPaaaa.s:321    .bss:00000020 USART_RxHead
C:\DOKUME~1\peter\LOKALE~1\Temp/ccgPaaaa.s:322    .bss:00000021 USART_RxTail
C:\DOKUME~1\peter\LOKALE~1\Temp/ccgPaaaa.s:46     .text:00000018 uart_clear_receive_buffer
C:\DOKUME~1\peter\LOKALE~1\Temp/ccgPaaaa.s:65     .text:00000024 uart_getc
                             .bss:00000000 USART_RxBuf
C:\DOKUME~1\peter\LOKALE~1\Temp/ccgPaaaa.s:98     .text:0000004a uart_get_lastc
C:\DOKUME~1\peter\LOKALE~1\Temp/ccgPaaaa.s:131    .text:0000006e uart_get
C:\DOKUME~1\peter\LOKALE~1\Temp/ccgPaaaa.s:165    .text:00000092 uart_getc_wait
C:\DOKUME~1\peter\LOKALE~1\Temp/ccgPaaaa.s:187    .text:000000a2 uart_putc
C:\DOKUME~1\peter\LOKALE~1\Temp/ccgPaaaa.s:209    .text:000000ae uart_put
C:\DOKUME~1\peter\LOKALE~1\Temp/ccgPaaaa.s:242    .text:000000d0 uart_init
C:\DOKUME~1\peter\LOKALE~1\Temp/ccgPaaaa.s:275    .text:000000f0 __vector_13

UNDEFINED SYMBOLS
__do_copy_data
__do_clear_bss
fdevopen
