   1               		.file	"caux.c"
   2               		.arch atmega16
   3               	__SREG__ = 0x3f
   4               	__SP_H__ = 0x3e
   5               	__SP_L__ = 0x3d
   6               	__tmp_reg__ = 0
   7               	__zero_reg__ = 1
   8               		.global __do_copy_data
   9               		.global __do_clear_bss
  17               	.Ltext0:
  18               	.global	timer1_counter
  19               	.global	timer1_counter
  20               		.section .bss
  23               	timer1_counter:
  24 0000 0000 0000 		.skip 4,0
  25               		.lcomm mainIdleFnc,2
  26               		.lcomm timerStatus,1
  27               		.lcomm userUartFnc,2
  28               		.lcomm timer8Fnc,2
  29               		.lcomm tenMilisecFnc,2
  30               		.lcomm oneSecFnc,2
  31               		.lcomm timer_tenMilisec,2
  32               		.lcomm timer_sec,2
  33               		.text
  34               	.global	i2c_ReadAD
  36               	i2c_ReadAD:
  37               	.LFB5:
  38               	.LM1:
  39               	/* prologue: frame size=0 */
  40               	/* prologue end (size=0) */
  41               	.LM2:
  42 0000 80E0      		ldi r24,lo8(0)
  43 0002 90E0      		ldi r25,hi8(0)
  44               	/* epilogue: frame size=0 */
  45 0004 0895      		ret
  46               	/* epilogue end (size=1) */
  47               	/* function uint8_t i2c_ReadAD(uint8_t) size 3 (2) */
  48               	.LFE5:
  50               	.global	ReadAD
  52               	ReadAD:
  53               	.LFB6:
  54               	.LM3:
  55               	/* prologue: frame size=0 */
  56               	/* prologue end (size=0) */
  57 0006 982F      		mov r25,r24
  58               	.LBB2:
  59               	.LBB3:
  60               	.LM4:
  61 0008 40E0      		ldi r20,lo8(0)
  62 000a 50E0      		ldi r21,hi8(0)
  63               	.LM5:
  64 000c 83E8      		ldi r24,lo8(-125)
  65 000e 86B9      		out 38-0x20,r24
  66               	.LM6:
  67 0010 97B9      		out 39-0x20,r25
  68               	.LM7:
  69 0012 3E9A      		sbi 39-0x20,6
  70               	.LM8:
  71 0014 369A      		sbi 38-0x20,6
  72               	.L3:
  73               	.LM9:
  74 0016 86B1      		in r24,38-0x20
  75 0018 9927      		clr r25
  76 001a 66E0      		ldi r22,6
  77 001c 9695      	1:	lsr r25
  78 001e 8795      		ror r24
  79 0020 6A95      		dec r22
  80 0022 E1F7      		brne 1b
  81 0024 8170      		andi r24,lo8(1)
  82 0026 9070      		andi r25,hi8(1)
  83 0028 8823      		tst r24
  84 002a A9F7      		brne .L3
  85               	.LM10:
  86 002c 282F      		mov r18,r24
  87               	.L12:
  88               	.LM11:
  89 002e 369A      		sbi 38-0x20,6
  90               	.L9:
  91               	.LM12:
  92 0030 86B1      		in r24,38-0x20
  93 0032 9927      		clr r25
  94 0034 36E0      		ldi r19,6
  95 0036 9695      	1:	lsr r25
  96 0038 8795      		ror r24
  97 003a 3A95      		dec r19
  98 003c E1F7      		brne 1b
  99 003e 8170      		andi r24,lo8(1)
 100 0040 9070      		andi r25,hi8(1)
 101 0042 8823      		tst r24
 102 0044 A9F7      		brne .L9
 103               	.LM13:
 104 0046 84B1      		in r24,36-0x20
 105 0048 95B1      		in r25,(36)+1-0x20
 106 004a 480F      		add r20,r24
 107 004c 591F      		adc r21,r25
 108               	.LM14:
 109 004e 2F5F      		subi r18,lo8(-(1))
 110 0050 2430      		cpi r18,lo8(4)
 111 0052 68F3      		brlo .L12
 112               	.LM15:
 113 0054 3798      		cbi 38-0x20,7
 114               	.LBE3:
 115               	.LBE2:
 116               	.LM16:
 117 0056 CA01      		movw r24,r20
 118 0058 9695      		lsr r25
 119 005a 8795      		ror r24
 120 005c 9695      		lsr r25
 121 005e 8795      		ror r24
 122               	/* epilogue: frame size=0 */
 123 0060 0895      		ret
 124               	/* epilogue end (size=1) */
 125               	/* function uint16_t ReadAD(uint8_t, uint8_t) size 46 (45) */
 126               	.LFE6:
 128               	.global	__vector_9
 130               	__vector_9:
 131               	.LFB7:
 132               	.LM17:
 133               	/* prologue: frame size=0 */
 134 0062 1F92      		push __zero_reg__
 135 0064 0F92      		push __tmp_reg__
 136 0066 0FB6      		in __tmp_reg__,__SREG__
 137 0068 0F92      		push __tmp_reg__
 138 006a 1124      		clr __zero_reg__
 139 006c 2F93      		push r18
 140 006e 3F93      		push r19
 141 0070 4F93      		push r20
 142 0072 5F93      		push r21
 143 0074 6F93      		push r22
 144 0076 7F93      		push r23
 145 0078 8F93      		push r24
 146 007a 9F93      		push r25
 147 007c AF93      		push r26
 148 007e BF93      		push r27
 149 0080 EF93      		push r30
 150 0082 FF93      		push r31
 151               	/* prologue end (size=17) */
 152               	.LBB4:
 153               	.LM18:
 154 0084 8FE6      		ldi r24,lo8(111)
 155 0086 82BF      		out 82-0x20,r24
 156               	.LM19:
 157 0088 E091 0000 		lds r30,timer8Fnc
 158 008c F091 0000 		lds r31,(timer8Fnc)+1
 159 0090 3097      		sbiw r30,0
 160 0092 09F0      		breq .L16
 161               	.LM20:
 162 0094 0995      		icall
 163               	.L16:
 164               	.LM21:
 165 0096 8091 0000 		lds r24,timer_tenMilisec
 166 009a 9091 0000 		lds r25,(timer_tenMilisec)+1
 167 009e 0197      		sbiw r24,1
 168 00a0 9093 0000 		sts (timer_tenMilisec)+1,r25
 169 00a4 8093 0000 		sts timer_tenMilisec,r24
 170               	.LM22:
 171 00a8 8091 0000 		lds r24,timer_tenMilisec
 172 00ac 9091 0000 		lds r25,(timer_tenMilisec)+1
 173 00b0 892B      		or r24,r25
 174 00b2 59F4      		brne .L17
 175               	.LM23:
 176 00b4 8091 0000 		lds r24,timerStatus
 177 00b8 8460      		ori r24,lo8(4)
 178 00ba 8093 0000 		sts timerStatus,r24
 179               	.LM24:
 180 00be 81E0      		ldi r24,lo8(1)
 181 00c0 90E0      		ldi r25,hi8(1)
 182 00c2 9093 0000 		sts (timer_tenMilisec)+1,r25
 183 00c6 8093 0000 		sts timer_tenMilisec,r24
 184               	.L17:
 185               	.LM25:
 186 00ca 8091 0000 		lds r24,timer_sec
 187 00ce 9091 0000 		lds r25,(timer_sec)+1
 188 00d2 0197      		sbiw r24,1
 189 00d4 9093 0000 		sts (timer_sec)+1,r25
 190 00d8 8093 0000 		sts timer_sec,r24
 191               	.LM26:
 192 00dc 8091 0000 		lds r24,timer_sec
 193 00e0 9091 0000 		lds r25,(timer_sec)+1
 194 00e4 892B      		or r24,r25
 195 00e6 59F4      		brne .L15
 196               	.LM27:
 197 00e8 8091 0000 		lds r24,timerStatus
 198 00ec 8260      		ori r24,lo8(2)
 199 00ee 8093 0000 		sts timerStatus,r24
 200               	.LM28:
 201 00f2 84E6      		ldi r24,lo8(100)
 202 00f4 90E0      		ldi r25,hi8(100)
 203 00f6 9093 0000 		sts (timer_sec)+1,r25
 204 00fa 8093 0000 		sts timer_sec,r24
 205               	.L15:
 206               	.LBE4:
 207               	/* epilogue: frame size=0 */
 208 00fe FF91      		pop r31
 209 0100 EF91      		pop r30
 210 0102 BF91      		pop r27
 211 0104 AF91      		pop r26
 212 0106 9F91      		pop r25
 213 0108 8F91      		pop r24
 214 010a 7F91      		pop r23
 215 010c 6F91      		pop r22
 216 010e 5F91      		pop r21
 217 0110 4F91      		pop r20
 218 0112 3F91      		pop r19
 219 0114 2F91      		pop r18
 220 0116 0F90      		pop __tmp_reg__
 221 0118 0FBE      		out __SREG__,__tmp_reg__
 222 011a 0F90      		pop __tmp_reg__
 223 011c 1F90      		pop __zero_reg__
 224 011e 1895      		reti
 225               	/* epilogue end (size=17) */
 226               	/* function void __vector_9() size 95 (61) */
 227               	.LFE7:
 229               	.global	Init8Timer
 231               	Init8Timer:
 232               	.LFB8:
 233               	.LM29:
 234               	/* prologue: frame size=0 */
 235               	/* prologue end (size=0) */
 236               	.LBB5:
 237               	.LM30:
 238 0120 89B7      		in r24,89-0x20
 239 0122 8160      		ori r24,lo8(1)
 240 0124 89BF      		out 89-0x20,r24
 241               	.LM31:
 242 0126 8FE6      		ldi r24,lo8(111)
 243 0128 82BF      		out 82-0x20,r24
 244               	.LM32:
 245 012a 85E0      		ldi r24,lo8(5)
 246 012c 83BF      		out 83-0x20,r24
 247               	.LM33:
 248 012e 80E2      		ldi r24,lo8(32)
 249 0130 88BF      		out 88-0x20,r24
 250               	.LM34:
 251 0132 81E0      		ldi r24,lo8(1)
 252 0134 90E0      		ldi r25,hi8(1)
 253 0136 9093 0000 		sts (timer_sec)+1,r25
 254 013a 8093 0000 		sts timer_sec,r24
 255               	.LM35:
 256 013e 9093 0000 		sts (timer_tenMilisec)+1,r25
 257 0142 8093 0000 		sts timer_tenMilisec,r24
 258               	.LM36:
 259 0146 1092 0000 		sts timerStatus,__zero_reg__
 260               	.LBE5:
 261               	/* epilogue: frame size=0 */
 262 014a 0895      		ret
 263               	/* epilogue end (size=1) */
 264               	/* function void Init8Timer() size 22 (21) */
 265               	.LFE8:
 267               	.global	_Z17Handle_Takt_1_Secv
 269               	_Z17Handle_Takt_1_Secv:
 270               	.LFB9:
 271               	.LM37:
 272               	/* prologue: frame size=0 */
 273               	/* prologue end (size=0) */
 274               	.LBB6:
 275               	.LM38:
 276 014c E091 0000 		lds r30,oneSecFnc
 277 0150 F091 0000 		lds r31,(oneSecFnc)+1
 278 0154 3097      		sbiw r30,0
 279 0156 09F0      		breq .L21
 280               	.LM39:
 281 0158 0995      		icall
 282               	.L21:
 283               	.LM40:
 284 015a 8091 0000 		lds r24,timerStatus
 285 015e 8D7F      		andi r24,lo8(-3)
 286 0160 8093 0000 		sts timerStatus,r24
 287               	.LBE6:
 288               	/* epilogue: frame size=0 */
 289 0164 0895      		ret
 290               	/* epilogue end (size=1) */
 291               	/* function void Handle_Takt_1_Sec() size 13 (12) */
 292               	.LFE9:
 294               	.global	_Z22Handle_Takt_10_MiliSecv
 296               	_Z22Handle_Takt_10_MiliSecv:
 297               	.LFB10:
 298               	.LM41:
 299               	/* prologue: frame size=0 */
 300               	/* prologue end (size=0) */
 301               	.LBB7:
 302               	.LM42:
 303 0166 E091 0000 		lds r30,tenMilisecFnc
 304 016a F091 0000 		lds r31,(tenMilisecFnc)+1
 305 016e 3097      		sbiw r30,0
 306 0170 09F0      		breq .L23
 307               	.LM43:
 308 0172 0995      		icall
 309               	.L23:
 310               	.LM44:
 311 0174 8091 0000 		lds r24,timerStatus
 312 0178 8B7F      		andi r24,lo8(-5)
 313 017a 8093 0000 		sts timerStatus,r24
 314               	.LBE7:
 315               	/* epilogue: frame size=0 */
 316 017e 0895      		ret
 317               	/* epilogue end (size=1) */
 318               	/* function void Handle_Takt_10_MiliSec() size 13 (12) */
 319               	.LFE10:
 321               	.global	RegisterCallback1Sec
 323               	RegisterCallback1Sec:
 324               	.LFB11:
 325               	.LM45:
 326               	/* prologue: frame size=0 */
 327               	/* prologue end (size=0) */
 328               	.LBB8:
 329               	.LM46:
 330 0180 9093 0000 		sts (oneSecFnc)+1,r25
 331 0184 8093 0000 		sts oneSecFnc,r24
 332               	.LM47:
 333 0188 0E94 0000 		call Init8Timer
 334               	.LBE8:
 335               	/* epilogue: frame size=0 */
 336 018c 0895      		ret
 337               	/* epilogue end (size=1) */
 338               	/* function void RegisterCallback1Sec(void (*)()) size 7 (6) */
 339               	.LFE11:
 341               	.global	RegisterCallback10MiliSec
 343               	RegisterCallback10MiliSec:
 344               	.LFB12:
 345               	.LM48:
 346               	/* prologue: frame size=0 */
 347               	/* prologue end (size=0) */
 348               	.LBB9:
 349               	.LM49:
 350 018e 9093 0000 		sts (tenMilisecFnc)+1,r25
 351 0192 8093 0000 		sts tenMilisecFnc,r24
 352               	.LM50:
 353 0196 0E94 0000 		call Init8Timer
 354               	.LBE9:
 355               	/* epilogue: frame size=0 */
 356 019a 0895      		ret
 357               	/* epilogue end (size=1) */
 358               	/* function void RegisterCallback10MiliSec(void (*)()) size 7 (6) */
 359               	.LFE12:
 361               	.global	RegisterCallbackMainIdle
 363               	RegisterCallbackMainIdle:
 364               	.LFB13:
 365               	.LM51:
 366               	/* prologue: frame size=0 */
 367               	/* prologue end (size=0) */
 368               	.LBB10:
 369               	.LM52:
 370 019c 9093 0000 		sts (mainIdleFnc)+1,r25
 371 01a0 8093 0000 		sts mainIdleFnc,r24
 372               	.LBE10:
 373               	/* epilogue: frame size=0 */
 374 01a4 0895      		ret
 375               	/* epilogue end (size=1) */
 376               	/* function void RegisterCallbackMainIdle(void (*)()) size 5 (4) */
 377               	.LFE13:
 379               	.global	RegisterUserUart
 381               	RegisterUserUart:
 382               	.LFB14:
 383               	.LM53:
 384               	/* prologue: frame size=0 */
 385               	/* prologue end (size=0) */
 386               	.LBB11:
 387               	.LM54:
 388 01a6 9093 0000 		sts (userUartFnc)+1,r25
 389 01aa 8093 0000 		sts userUartFnc,r24
 390               	.LBE11:
 391               	/* epilogue: frame size=0 */
 392 01ae 0895      		ret
 393               	/* epilogue end (size=1) */
 394               	/* function void RegisterUserUart(void (*)(char)) size 5 (4) */
 395               	.LFE14:
 397               	.global	RegisterTimer8
 399               	RegisterTimer8:
 400               	.LFB15:
 401               	.LM55:
 402               	/* prologue: frame size=0 */
 403               	/* prologue end (size=0) */
 404               	.LBB12:
 405               	.LM56:
 406 01b0 9093 0000 		sts (timer8Fnc)+1,r25
 407 01b4 8093 0000 		sts timer8Fnc,r24
 408               	.LBE12:
 409               	/* epilogue: frame size=0 */
 410 01b8 0895      		ret
 411               	/* epilogue end (size=1) */
 412               	/* function void RegisterTimer8(void (*)()) size 5 (4) */
 413               	.LFE15:
 415               	.global	_Z10HandleUARTv
 417               	_Z10HandleUARTv:
 418               	.LFB16:
 419               	.LM57:
 420               	/* prologue: frame size=0 */
 421               	/* prologue end (size=0) */
 422               	.LBB13:
 423               	.LBB14:
 424               	.LBB15:
 425               	.LM58:
 426 01ba 0E94 0000 		call _Z15uart_data_readyv
 427 01be 8823      		tst r24
 428 01c0 69F0      		breq .L29
 429               	.LBB16:
 430               	.LM59:
 431 01c2 0E94 0000 		call _Z14uart_get_lastcv
 432               	.LM60:
 433 01c6 8D30      		cpi r24,lo8(13)
 434 01c8 11F0      		breq .L32
 435 01ca 8A30      		cpi r24,lo8(10)
 436 01cc 39F4      		brne .L29
 437               	.L32:
 438               	.LM61:
 439 01ce 0E94 0000 		call _Z9uart_getcv
 440 01d2 E091 0000 		lds r30,userUartFnc
 441 01d6 F091 0000 		lds r31,(userUartFnc)+1
 442 01da 0995      		icall
 443               	.L29:
 444 01dc 0895      		ret
 445               	.LBE16:
 446               	.LBE15:
 447               	.LBE14:
 448               	.LBE13:
 449               	/* epilogue: frame size=0 */
 450               	/* epilogue: noreturn */
 451               	/* epilogue end (size=0) */
 452               	/* function void HandleUART() size 18 (18) */
 453               	.LFE16:
 455               	.global	ExecuteMain
 457               	ExecuteMain:
 458               	.LFB17:
 459               	.LM62:
 460               	/* prologue: frame size=0 */
 461               	/* prologue end (size=0) */
 462               	.L42:
 463               	.LBB17:
 464               	.LM63:
 465 01de 8091 0000 		lds r24,timerStatus
 466 01e2 9927      		clr r25
 467 01e4 9695      		lsr r25
 468 01e6 8795      		ror r24
 469 01e8 8170      		andi r24,lo8(1)
 470 01ea 9070      		andi r25,hi8(1)
 471 01ec 8823      		tst r24
 472 01ee 11F0      		breq .L36
 473               	.LM64:
 474 01f0 0E94 0000 		call _Z17Handle_Takt_1_Secv
 475               	.L36:
 476               	.LM65:
 477 01f4 8091 0000 		lds r24,timerStatus
 478 01f8 9927      		clr r25
 479 01fa 9695      		lsr r25
 480 01fc 8795      		ror r24
 481 01fe 9695      		lsr r25
 482 0200 8795      		ror r24
 483 0202 8170      		andi r24,lo8(1)
 484 0204 9070      		andi r25,hi8(1)
 485 0206 8823      		tst r24
 486 0208 11F0      		breq .L37
 487               	.LM66:
 488 020a 0E94 0000 		call _Z22Handle_Takt_10_MiliSecv
 489               	.L37:
 490               	.LM67:
 491 020e 0E94 0000 		call _Z10HandleUARTv
 492               	.LM68:
 493 0212 E091 0000 		lds r30,mainIdleFnc
 494 0216 F091 0000 		lds r31,(mainIdleFnc)+1
 495 021a 3097      		sbiw r30,0
 496 021c 01F3      		breq .L42
 497               	.LM69:
 498 021e 0995      		icall
 499 0220 DECF      		rjmp .L42
 500               	.LBE17:
 501               	/* epilogue: frame size=0 */
 502               	/* epilogue: noreturn */
 503               	/* epilogue end (size=0) */
 504               	/* function void ExecuteMain() size 34 (34) */
 505               	.LFE17:
 507               	.Letext0:
DEFINED SYMBOLS
                            *ABS*:00000000 caux.c
C:\DOKUME~1\peter\LOKALE~1\Temp/ccYVaaaa.s:3      *ABS*:0000003f __SREG__
C:\DOKUME~1\peter\LOKALE~1\Temp/ccYVaaaa.s:4      *ABS*:0000003e __SP_H__
C:\DOKUME~1\peter\LOKALE~1\Temp/ccYVaaaa.s:5      *ABS*:0000003d __SP_L__
C:\DOKUME~1\peter\LOKALE~1\Temp/ccYVaaaa.s:6      *ABS*:00000000 __tmp_reg__
C:\DOKUME~1\peter\LOKALE~1\Temp/ccYVaaaa.s:7      *ABS*:00000001 __zero_reg__
C:\DOKUME~1\peter\LOKALE~1\Temp/ccYVaaaa.s:23     .bss:00000000 timer1_counter
                             .bss:00000004 mainIdleFnc
C:\DOKUME~1\peter\LOKALE~1\Temp/ccYVaaaa.s:25     .bss:00000006 timerStatus
C:\DOKUME~1\peter\LOKALE~1\Temp/ccYVaaaa.s:26     .bss:00000007 userUartFnc
C:\DOKUME~1\peter\LOKALE~1\Temp/ccYVaaaa.s:27     .bss:00000009 timer8Fnc
C:\DOKUME~1\peter\LOKALE~1\Temp/ccYVaaaa.s:28     .bss:0000000b tenMilisecFnc
C:\DOKUME~1\peter\LOKALE~1\Temp/ccYVaaaa.s:29     .bss:0000000d oneSecFnc
C:\DOKUME~1\peter\LOKALE~1\Temp/ccYVaaaa.s:30     .bss:0000000f timer_tenMilisec
C:\DOKUME~1\peter\LOKALE~1\Temp/ccYVaaaa.s:31     .bss:00000011 timer_sec
C:\DOKUME~1\peter\LOKALE~1\Temp/ccYVaaaa.s:36     .text:00000000 i2c_ReadAD
C:\DOKUME~1\peter\LOKALE~1\Temp/ccYVaaaa.s:52     .text:00000006 ReadAD
C:\DOKUME~1\peter\LOKALE~1\Temp/ccYVaaaa.s:130    .text:00000062 __vector_9
C:\DOKUME~1\peter\LOKALE~1\Temp/ccYVaaaa.s:231    .text:00000120 Init8Timer
C:\DOKUME~1\peter\LOKALE~1\Temp/ccYVaaaa.s:269    .text:0000014c _Z17Handle_Takt_1_Secv
C:\DOKUME~1\peter\LOKALE~1\Temp/ccYVaaaa.s:296    .text:00000166 _Z22Handle_Takt_10_MiliSecv
C:\DOKUME~1\peter\LOKALE~1\Temp/ccYVaaaa.s:323    .text:00000180 RegisterCallback1Sec
C:\DOKUME~1\peter\LOKALE~1\Temp/ccYVaaaa.s:343    .text:0000018e RegisterCallback10MiliSec
C:\DOKUME~1\peter\LOKALE~1\Temp/ccYVaaaa.s:363    .text:0000019c RegisterCallbackMainIdle
C:\DOKUME~1\peter\LOKALE~1\Temp/ccYVaaaa.s:381    .text:000001a6 RegisterUserUart
C:\DOKUME~1\peter\LOKALE~1\Temp/ccYVaaaa.s:399    .text:000001b0 RegisterTimer8
C:\DOKUME~1\peter\LOKALE~1\Temp/ccYVaaaa.s:417    .text:000001ba _Z10HandleUARTv
C:\DOKUME~1\peter\LOKALE~1\Temp/ccYVaaaa.s:457    .text:000001de ExecuteMain

UNDEFINED SYMBOLS
__do_copy_data
__do_clear_bss
_Z15uart_data_readyv
_Z14uart_get_lastcv
_Z9uart_getcv
